<?xml version="1.0" encoding="UTF-8"?>
<testng-results skipped="7" failed="1" total="8" passed="0">
  <reporter-output>
    <line>
      <![CDATA[<br></br><strong>TC_CFS_01 : To verify user can complete request with Request Type = Devanning and Document Type = BOL.</strong>]]>
    </line>
    <line>
      <![CDATA[<br></br>--- <strong> Site/Build Version being Test : 1.0.0.15.0 QA</strong> ---]]>
    </line>
    <line>
      <![CDATA[<br></br>Step 1: Open url: <a href='http://192.168.0.134:8081/zodiac/core/'>http://192.168.0.134:8081/zodiac/core/</a>]]>
    </line>
    <line>
      <![CDATA[<br></br>Step 2: Enter Username: <font color=#9400D3>kiwiqa04</font>]]>
    </line>
    <line>
      <![CDATA[<br></br>Step 3: Enter password: <font color=#9400D3>Baps@200</font>]]>
    </line>
    <line>
      <![CDATA[<br></br>Step 4: Select language: <font color=#9400D3>English</font>]]>
    </line>
    <line>
      <![CDATA[<br></br>Step 5: Select site: <font color=#9400D3>Global</font>]]>
    </line>
    <line>
      <![CDATA[<br></br>Step 6: Click on 'Login' button.]]>
    </line>
    <line>
      <![CDATA[<br></br>Verify that User Login successfully.]]>
    </line>
    <line>
      <![CDATA[<br></br><Strong><font color=#008000>Pass</font></strong>]]>
    </line>
    <line>
      <![CDATA[<br></br>Step 7: Open "Search Request" screen.]]>
    </line>
    <line>
      <![CDATA[<br></br>Verify that Service Request screen is open.]]>
    </line>
    <line>
      <![CDATA[<br></br><Strong><font color=#008000>Pass</font></strong>]]>
    </line>
    <line>
      <![CDATA[<br></br>Step 8: Click on "Create Request" button.]]>
    </line>
    <line>
      <![CDATA[<br></br>Verify that Create Request screen is open.]]>
    </line>
    <line>
      <![CDATA[<br></br><Strong><font color=#008000>Pass</font></strong>]]>
    </line>
    <line>
      <![CDATA[<br></br>Step 9: Click on "Request Type" drop down.]]>
    </line>
    <line>
      <![CDATA[<br> <b>Please look to the screenshot - </b>]]>
    </line>
    <line>
      <![CDATA[<br><Strong><font color=#FF0000>--Failed</font></strong>]]>
    </line>
    <line>
      <![CDATA[<a href='screenshots/0331104715541requestByBOLFlow.png' target='_new'>0331104715541requestByBOLFlow.png</a>]]>
    </line>
    <line>
      <![CDATA[<br></br><b><i>Failure Reason:</b></i>]]>
    </line>
    <line>
      <![CDATA[<br></br><Strong><font color=#ff0000>org.openqa.selenium.NoSuchElementException: Timed out after 5 seconds. Unable to locate the element</font></strong>]]>
    </line>
  </reporter-output>
  <suite name="Container Freight Station v1.1" duration-ms="110792" started-at="2017-03-31T05:15:26Z" finished-at="2017-03-31T05:17:17Z">
    <groups>
      <group name="JobIndex.finishJob">
        <method signature="JobIndex.completeDevanning()[pri:4, instance:com.cfs.index.JobIndex@39c0f4a]" name="completeDevanning" class="com.cfs.index.JobIndex"/>
      </group> <!-- JobIndex.finishJob -->
      <group name="ServiceRequestIndex.servicerequest">
        <method signature="ServiceRequestIndex.requestByBOLFlow()[pri:1, instance:com.cfs.index.ServiceRequestIndex@1794d431]" name="requestByBOLFlow" class="com.cfs.index.ServiceRequestIndex"/>
        <method signature="ServiceRequestIndex.planPostpaidRequest()[pri:2, instance:com.cfs.index.ServiceRequestIndex@1794d431]" name="planPostpaidRequest" class="com.cfs.index.ServiceRequestIndex"/>
        <method signature="ServiceRequestIndex.approvePostpaidRequest()[pri:3, instance:com.cfs.index.ServiceRequestIndex@1794d431]" name="approvePostpaidRequest" class="com.cfs.index.ServiceRequestIndex"/>
      </group> <!-- ServiceRequestIndex.servicerequest -->
      <group name="JobIndex.jobrequest">
        <method signature="JobIndex.viewCreatedJob()[pri:1, instance:com.cfs.index.JobIndex@39c0f4a]" name="viewCreatedJob" class="com.cfs.index.JobIndex"/>
        <method signature="JobIndex.planCreatedJob()[pri:2, instance:com.cfs.index.JobIndex@39c0f4a]" name="planCreatedJob" class="com.cfs.index.JobIndex"/>
        <method signature="JobIndex.confirmContainerArrival()[pri:3, instance:com.cfs.index.JobIndex@39c0f4a]" name="confirmContainerArrival" class="com.cfs.index.JobIndex"/>
      </group> <!-- JobIndex.jobrequest -->
    </groups>
    <test name="TC_CFS_08 : To verify request comepleted successfully." duration-ms="110792" started-at="2017-03-31T05:15:26Z" finished-at="2017-03-31T05:17:17Z">
      <class name="com.cfs.index.ServiceRequestIndex">
        <test-method status="PASS" signature="fetchSuiteConfiguration(org.testng.ITestContext)[pri:0, instance:com.cfs.index.ServiceRequestIndex@1794d431]" name="fetchSuiteConfiguration" is-config="true" duration-ms="6" started-at="2017-03-31T10:45:26Z" finished-at="2017-03-31T10:45:26Z">
          <params>
            <param index="0">
              <value>
                <![CDATA[org.testng.TestRunner@359df09a]]>
              </value>
            </param>
          </params>
          <reporter-output>
          </reporter-output>
        </test-method> <!-- fetchSuiteConfiguration -->
        <test-method status="PASS" signature="setUp(java.lang.reflect.Method, org.testng.ITestContext)[pri:0, instance:com.cfs.index.ServiceRequestIndex@1794d431]" name="setUp" is-config="true" duration-ms="8151" started-at="2017-03-31T10:45:26Z" finished-at="2017-03-31T10:45:34Z">
          <params>
            <param index="0">
              <value>
                <![CDATA[public void com.cfs.index.ServiceRequestIndex.requestByBOLFlow() throws java.lang.InterruptedException]]>
              </value>
            </param>
            <param index="1">
              <value>
                <![CDATA[org.testng.TestRunner@359df09a]]>
              </value>
            </param>
          </params>
          <reporter-output>
          </reporter-output>
        </test-method> <!-- setUp -->
        <test-method status="FAIL" signature="requestByBOLFlow()[pri:1, instance:com.cfs.index.ServiceRequestIndex@1794d431]" name="requestByBOLFlow" duration-ms="100561" started-at="2017-03-31T10:45:34Z" finished-at="2017-03-31T10:47:15Z">
          <exception class="org.openqa.selenium.NoSuchElementException">
            <message>
              <![CDATA[Timed out after 5 seconds. Unable to locate the element
For documentation on this error, please visit: http://seleniumhq.org/exceptions/no_such_element.html
Build info: version: '2.53.1', revision: 'a36b8b1', time: '2016-06-30 17:37:03'
System info: host: 'ICWS-1157', ip: '192.168.0.9', os.name: 'Windows 7', os.arch: 'amd64', os.version: '6.1', java.version: '1.8.0_91'
Driver info: driver.version: RemoteWebDriver]]>
            </message>
            <full-stacktrace>
              <![CDATA[org.openqa.selenium.NoSuchElementException: Timed out after 5 seconds. Unable to locate the element
For documentation on this error, please visit: http://seleniumhq.org/exceptions/no_such_element.html
Build info: version: '2.53.1', revision: 'a36b8b1', time: '2016-06-30 17:37:03'
System info: host: 'ICWS-1157', ip: '192.168.0.9', os.name: 'Windows 7', os.arch: 'amd64', os.version: '6.1', java.version: '1.8.0_91'
Driver info: driver.version: RemoteWebDriver
	at org.openqa.selenium.support.pagefactory.AjaxElementLocator.findElement(AjaxElementLocator.java:89)
	at org.openqa.selenium.support.pagefactory.internal.LocatingElementHandler.invoke(LocatingElementHandler.java:38)
	at com.sun.proxy.$Proxy8.getWrappedElement(Unknown Source)
	at org.openqa.selenium.remote.internal.WebElementToJsonConverter.apply(WebElementToJsonConverter.java:49)
	at com.google.common.collect.Iterators$8.transform(Iterators.java:817)
	at com.google.common.collect.TransformedIterator.next(TransformedIterator.java:48)
	at com.google.common.collect.Iterators.addAll(Iterators.java:365)
	at com.google.common.collect.Lists.newArrayList(Lists.java:162)
	at com.google.common.collect.Lists.newArrayList(Lists.java:146)
	at org.openqa.selenium.remote.RemoteWebDriver.executeScript(RemoteWebDriver.java:572)
	at com.cfs.init.Common.highlightElement(Common.java:877)
	at com.cfs.init.Common.clickOn(Common.java:464)
	at com.cfs.indexpages.ServiceRequestIndexpage.selectDevanningRequest(ServiceRequestIndexpage.java:244)
	at com.cfs.index.ServiceRequestIndex.requestByBOLFlow(ServiceRequestIndex.java:51)
	at sun.reflect.NativeMethodAccessorImpl.invoke0(Native Method)
	at sun.reflect.NativeMethodAccessorImpl.invoke(NativeMethodAccessorImpl.java:62)
	at sun.reflect.DelegatingMethodAccessorImpl.invoke(DelegatingMethodAccessorImpl.java:43)
	at java.lang.reflect.Method.invoke(Method.java:498)
	at org.testng.internal.MethodInvocationHelper.invokeMethod(MethodInvocationHelper.java:85)
	at org.testng.internal.Invoker.invokeMethod(Invoker.java:639)
	at org.testng.internal.Invoker.invokeTestMethod(Invoker.java:816)
	at org.testng.internal.Invoker.invokeTestMethods(Invoker.java:1124)
	at org.testng.internal.TestMethodWorker.invokeTestMethods(TestMethodWorker.java:125)
	at org.testng.internal.TestMethodWorker.run(TestMethodWorker.java:108)
	at org.testng.TestRunner.privateRun(TestRunner.java:774)
	at org.testng.TestRunner.run(TestRunner.java:624)
	at org.testng.SuiteRunner.runTest(SuiteRunner.java:359)
	at org.testng.SuiteRunner.runSequentially(SuiteRunner.java:354)
	at org.testng.SuiteRunner.privateRun(SuiteRunner.java:312)
	at org.testng.SuiteRunner.run(SuiteRunner.java:261)
	at org.testng.SuiteRunnerWorker.runSuite(SuiteRunnerWorker.java:52)
	at org.testng.SuiteRunnerWorker.run(SuiteRunnerWorker.java:86)
	at org.testng.TestNG.runSuitesSequentially(TestNG.java:1215)
	at org.testng.TestNG.runSuitesLocally(TestNG.java:1140)
	at org.testng.TestNG.run(TestNG.java:1048)
	at org.testng.remote.AbstractRemoteTestNG.run(AbstractRemoteTestNG.java:132)
	at org.testng.remote.RemoteTestNG.initAndRun(RemoteTestNG.java:230)
	at org.testng.remote.RemoteTestNG.main(RemoteTestNG.java:76)
Caused by: org.openqa.selenium.NoSuchElementException: no such element: Unable to locate element: {"method":"xpath","selector":".//div//div/button[@data-id='requestTypeCode']"}
  (Session info: chrome=56.0.2924.87)
  (Driver info: chromedriver=2.27.440174 (e97a722caafc2d3a8b807ee115bfb307f7d2cfd9),platform=Windows NT 6.1.7601 SP1 x86_64) (WARNING: The server did not provide any stacktrace information)
Command duration or timeout: 15.06 seconds
For documentation on this error, please visit: http://seleniumhq.org/exceptions/no_such_element.html
Build info: version: '2.53.1', revision: 'a36b8b1', time: '2016-06-30 17:37:03'
System info: host: 'ICWS-1157', ip: '192.168.0.9', os.name: 'Windows 7', os.arch: 'amd64', os.version: '6.1', java.version: '1.8.0_91'
Driver info: org.openqa.selenium.chrome.ChromeDriver
Capabilities [{applicationCacheEnabled=false, rotatable=false, mobileEmulationEnabled=false, networkConnectionEnabled=false, chrome={chromedriverVersion=2.27.440174 (e97a722caafc2d3a8b807ee115bfb307f7d2cfd9), userDataDir=C:\Users\mayur\AppData\Local\Temp\scoped_dir7080_21061}, takesHeapSnapshot=true, pageLoadStrategy=normal, databaseEnabled=false, handlesAlerts=true, hasTouchScreen=false, version=56.0.2924.87, platform=XP, browserConnectionEnabled=false, nativeEvents=true, acceptSslCerts=true, locationContextEnabled=true, webStorageEnabled=true, browserName=chrome, takesScreenshot=true, javascriptEnabled=true, cssSelectorsEnabled=true, unexpectedAlertBehaviour=}]
Session ID: 220abe263c8bbb64a1f2f0d3ee515ba7
*** Element info: {Using=xpath, value=.//div//div/button[@data-id='requestTypeCode']}
Command duration or timeout: 15.29 seconds
For documentation on this error, please visit: http://seleniumhq.org/exceptions/no_such_element.html
Build info: version: '2.53.1', revision: 'a36b8b1', time: '2016-06-30 17:37:03'
System info: host: 'ICWS-1157', ip: '192.168.0.9', os.name: 'Windows 7', os.arch: 'amd64', os.version: '6.1', java.version: '1.8.0_91'
Driver info: org.openqa.selenium.remote.RemoteWebDriver
Capabilities [{applicationCacheEnabled=false, rotatable=false, mobileEmulationEnabled=false, networkConnectionEnabled=false, chrome={chromedriverVersion=2.27.440174 (e97a722caafc2d3a8b807ee115bfb307f7d2cfd9), userDataDir=C:\Users\mayur\AppData\Local\Temp\scoped_dir7080_21061}, takesHeapSnapshot=true, pageLoadStrategy=normal, databaseEnabled=false, handlesAlerts=true, hasTouchScreen=false, version=56.0.2924.87, platform=XP, browserConnectionEnabled=false, nativeEvents=true, acceptSslCerts=true, webdriver.remote.sessionid=a675d3b5-8b7c-4198-a247-51fab77c7cc5, locationContextEnabled=true, webStorageEnabled=true, browserName=chrome, takesScreenshot=true, javascriptEnabled=true, cssSelectorsEnabled=true, unexpectedAlertBehaviour=}]
Session ID: a675d3b5-8b7c-4198-a247-51fab77c7cc5
*** Element info: {Using=xpath, value=.//div//div/button[@data-id='requestTypeCode']}
	at sun.reflect.NativeConstructorAccessorImpl.newInstance0(Native Method)
	at sun.reflect.NativeConstructorAccessorImpl.newInstance(NativeConstructorAccessorImpl.java:62)
	at sun.reflect.DelegatingConstructorAccessorImpl.newInstance(DelegatingConstructorAccessorImpl.java:45)
	at java.lang.reflect.Constructor.newInstance(Constructor.java:423)
	at org.openqa.selenium.remote.ErrorHandler.createThrowable(ErrorHandler.java:206)
	at org.openqa.selenium.remote.ErrorHandler.throwIfResponseFailed(ErrorHandler.java:158)
	at org.openqa.selenium.remote.RemoteWebDriver.execute(RemoteWebDriver.java:678)
	at org.openqa.selenium.remote.RemoteWebDriver.findElement(RemoteWebDriver.java:363)
	at org.openqa.selenium.remote.RemoteWebDriver.findElementByXPath(RemoteWebDriver.java:500)
	at org.openqa.selenium.By$ByXPath.findElement(By.java:361)
	at org.openqa.selenium.remote.RemoteWebDriver.findElement(RemoteWebDriver.java:355)
	at org.openqa.selenium.support.pagefactory.DefaultElementLocator.findElement(DefaultElementLocator.java:69)
	at org.openqa.selenium.support.pagefactory.AjaxElementLocator.access$0(AjaxElementLocator.java:1)
	at org.openqa.selenium.support.pagefactory.AjaxElementLocator$SlowLoadingElement.isLoaded(AjaxElementLocator.java:157)
	at org.openqa.selenium.support.ui.SlowLoadableComponent.get(SlowLoadableComponent.java:70)
	at org.openqa.selenium.support.pagefactory.AjaxElementLocator.findElement(AjaxElementLocator.java:87)
	... 37 more
Caused by: org.openqa.selenium.remote.ScreenshotException: Screen shot has been taken
Build info: version: '2.53.1', revision: 'a36b8b1', time: '2016-06-30 17:37:03'
System info: host: 'ICWS-1157', ip: '192.168.0.9', os.name: 'Windows 7', os.arch: 'amd64', os.version: '6.1', java.version: '1.8.0_91'
Driver info: driver.version: RemoteWebDriver
	at org.openqa.selenium.remote.ErrorHandler.throwIfResponseFailed(ErrorHandler.java:138)
	... 47 more
Caused by: org.openqa.selenium.NoSuchElementException: no such element: Unable to locate element: {"method":"xpath","selector":".//div//div/button[@data-id='requestTypeCode']"}
  (Session info: chrome=56.0.2924.87)
  (Driver info: chromedriver=2.27.440174 (e97a722caafc2d3a8b807ee115bfb307f7d2cfd9),platform=Windows NT 6.1.7601 SP1 x86_64) (WARNING: The server did not provide any stacktrace information)
Command duration or timeout: 15.06 seconds
For documentation on this error, please visit: http://seleniumhq.org/exceptions/no_such_element.html
Build info: version: '2.53.1', revision: 'a36b8b1', time: '2016-06-30 17:37:03'
System info: host: 'ICWS-1157', ip: '192.168.0.9', os.name: 'Windows 7', os.arch: 'amd64', os.version: '6.1', java.version: '1.8.0_91'
Driver info: org.openqa.selenium.chrome.ChromeDriver
Capabilities [{applicationCacheEnabled=false, rotatable=false, mobileEmulationEnabled=false, networkConnectionEnabled=false, chrome={chromedriverVersion=2.27.440174 (e97a722caafc2d3a8b807ee115bfb307f7d2cfd9), userDataDir=C:\Users\mayur\AppData\Local\Temp\scoped_dir7080_21061}, takesHeapSnapshot=true, pageLoadStrategy=normal, databaseEnabled=false, handlesAlerts=true, hasTouchScreen=false, version=56.0.2924.87, platform=XP, browserConnectionEnabled=false, nativeEvents=true, acceptSslCerts=true, locationContextEnabled=true, webStorageEnabled=true, browserName=chrome, takesScreenshot=true, javascriptEnabled=true, cssSelectorsEnabled=true, unexpectedAlertBehaviour=}]
Session ID: 220abe263c8bbb64a1f2f0d3ee515ba7
*** Element info: {Using=xpath, value=.//div//div/button[@data-id='requestTypeCode']}
For documentation on this error, please visit: http://seleniumhq.org/exceptions/no_such_element.html
Build info: version: '2.53.1', revision: 'a36b8b1', time: '2016-06-30 17:37:03'
System info: host: 'ICWS-1157', ip: '192.168.0.9', os.name: 'Windows 7', os.arch: 'amd64', os.version: '6.1', java.version: '1.8.0_91'
Driver info: driver.version: EventFiringWebDriver
	at sun.reflect.NativeConstructorAccessorImpl.newInstance0(Native Method)
	at sun.reflect.NativeConstructorAccessorImpl.newInstance(NativeConstructorAccessorImpl.java:62)
	at sun.reflect.DelegatingConstructorAccessorImpl.newInstance(DelegatingConstructorAccessorImpl.java:45)
	at java.lang.reflect.Constructor.newInstance(Constructor.java:423)
	at org.openqa.selenium.remote.ErrorHandler.createThrowable(ErrorHandler.java:206)
	at org.openqa.selenium.remote.ErrorHandler.throwIfResponseFailed(ErrorHandler.java:158)
	at org.openqa.selenium.remote.RemoteWebDriver.execute(RemoteWebDriver.java:678)
	at org.openqa.selenium.remote.RemoteWebDriver.findElement(RemoteWebDriver.java:363)
	at org.openqa.selenium.remote.RemoteWebDriver.findElementByXPath(RemoteWebDriver.java:500)
	at org.openqa.selenium.By$ByXPath.findElement(By.java:361)
	at org.openqa.selenium.remote.RemoteWebDriver.findElement(RemoteWebDriver.java:355)
	at sun.reflect.GeneratedMethodAccessor8.invoke(Unknown Source)
	at sun.reflect.DelegatingMethodAccessorImpl.invoke(DelegatingMethodAccessorImpl.java:43)
	at java.lang.reflect.Method.invoke(Method.java:498)
	at org.openqa.selenium.support.events.EventFiringWebDriver$2.invoke(EventFiringWebDriver.java:103)
	at com.sun.proxy.$Proxy1.findElement(Unknown Source)
	at org.openqa.selenium.support.events.EventFiringWebDriver.findElement(EventFiringWebDriver.java:188)
	at org.openqa.selenium.remote.server.handler.FindElement.call(FindElement.java:48)
	at org.openqa.selenium.remote.server.handler.FindElement.call(FindElement.java:1)
	at java.util.concurrent.FutureTask.run(FutureTask.java:266)
	at org.openqa.selenium.remote.server.DefaultSession$1.run(DefaultSession.java:176)
	at java.util.concurrent.ThreadPoolExecutor.runWorker(ThreadPoolExecutor.java:1142)
	at java.util.concurrent.ThreadPoolExecutor$Worker.run(ThreadPoolExecutor.java:617)
	at java.lang.Thread.run(Thread.java:745)
]]>
            </full-stacktrace>
          </exception> <!-- org.openqa.selenium.NoSuchElementException -->
          <reporter-output>
            <line>
              <![CDATA[<br></br><strong>TC_CFS_01 : To verify user can complete request with Request Type = Devanning and Document Type = BOL.</strong>]]>
            </line>
            <line>
              <![CDATA[<br></br>--- <strong> Site/Build Version being Test : 1.0.0.15.0 QA</strong> ---]]>
            </line>
            <line>
              <![CDATA[<br></br>Step 1: Open url: <a href='http://192.168.0.134:8081/zodiac/core/'>http://192.168.0.134:8081/zodiac/core/</a>]]>
            </line>
            <line>
              <![CDATA[<br></br>Step 2: Enter Username: <font color=#9400D3>kiwiqa04</font>]]>
            </line>
            <line>
              <![CDATA[<br></br>Step 3: Enter password: <font color=#9400D3>Baps@200</font>]]>
            </line>
            <line>
              <![CDATA[<br></br>Step 4: Select language: <font color=#9400D3>English</font>]]>
            </line>
            <line>
              <![CDATA[<br></br>Step 5: Select site: <font color=#9400D3>Global</font>]]>
            </line>
            <line>
              <![CDATA[<br></br>Step 6: Click on 'Login' button.]]>
            </line>
            <line>
              <![CDATA[<br></br>Verify that User Login successfully.]]>
            </line>
            <line>
              <![CDATA[<br></br><Strong><font color=#008000>Pass</font></strong>]]>
            </line>
            <line>
              <![CDATA[<br></br>Step 7: Open "Search Request" screen.]]>
            </line>
            <line>
              <![CDATA[<br></br>Verify that Service Request screen is open.]]>
            </line>
            <line>
              <![CDATA[<br></br><Strong><font color=#008000>Pass</font></strong>]]>
            </line>
            <line>
              <![CDATA[<br></br>Step 8: Click on "Create Request" button.]]>
            </line>
            <line>
              <![CDATA[<br></br>Verify that Create Request screen is open.]]>
            </line>
            <line>
              <![CDATA[<br></br><Strong><font color=#008000>Pass</font></strong>]]>
            </line>
            <line>
              <![CDATA[<br></br>Step 9: Click on "Request Type" drop down.]]>
            </line>
            <line>
              <![CDATA[<br> <b>Please look to the screenshot - </b>]]>
            </line>
            <line>
              <![CDATA[<br><Strong><font color=#FF0000>--Failed</font></strong>]]>
            </line>
            <line>
              <![CDATA[<a href='screenshots/0331104715541requestByBOLFlow.png' target='_new'>0331104715541requestByBOLFlow.png</a>]]>
            </line>
            <line>
              <![CDATA[<br></br><b><i>Failure Reason:</b></i>]]>
            </line>
            <line>
              <![CDATA[<br></br><Strong><font color=#ff0000>org.openqa.selenium.NoSuchElementException: Timed out after 5 seconds. Unable to locate the element</font></strong>]]>
            </line>
          </reporter-output>
        </test-method> <!-- requestByBOLFlow -->
        <test-method status="PASS" signature="tearDown(org.testng.ITestResult)[pri:0, instance:com.cfs.index.ServiceRequestIndex@1794d431]" name="tearDown" is-config="true" duration-ms="2045" started-at="2017-03-31T10:47:15Z" finished-at="2017-03-31T10:47:17Z">
          <params>
            <param index="0">
              <value>
                <![CDATA[[TestResult name=requestByBOLFlow status=FAILURE method=ServiceRequestIndex.requestByBOLFlow()[pri:1, instance:com.cfs.index.ServiceRequestIndex@1794d431] output=<br></br><strong>TC_CFS_01 : To verify user can complete request with Request Type = Devanning and Document Type = BOL.</strong>]]]>
              </value>
            </param>
          </params>
          <reporter-output>
          </reporter-output>
        </test-method> <!-- tearDown -->
        <test-method status="SKIP" signature="planPostpaidRequest()[pri:2, instance:com.cfs.index.ServiceRequestIndex@1794d431]" name="planPostpaidRequest" duration-ms="0" started-at="2017-03-31T10:47:17Z" depends-on-methods="com.cfs.index.ServiceRequestIndex.requestByBOLFlow" finished-at="2017-03-31T10:47:17Z">
          <exception class="java.lang.Throwable">
            <message>
              <![CDATA[Method ServiceRequestIndex.planPostpaidRequest()[pri:2, instance:com.cfs.index.ServiceRequestIndex@1794d431] depends on not successfully finished methods]]>
            </message>
            <full-stacktrace>
              <![CDATA[java.lang.Throwable: Method ServiceRequestIndex.planPostpaidRequest()[pri:2, instance:com.cfs.index.ServiceRequestIndex@1794d431] depends on not successfully finished methods
	at org.testng.internal.Invoker.invokeTestMethods(Invoker.java:1033)
	at org.testng.internal.TestMethodWorker.invokeTestMethods(TestMethodWorker.java:125)
	at org.testng.internal.TestMethodWorker.run(TestMethodWorker.java:108)
	at org.testng.TestRunner.privateRun(TestRunner.java:774)
	at org.testng.TestRunner.run(TestRunner.java:624)
	at org.testng.SuiteRunner.runTest(SuiteRunner.java:359)
	at org.testng.SuiteRunner.runSequentially(SuiteRunner.java:354)
	at org.testng.SuiteRunner.privateRun(SuiteRunner.java:312)
	at org.testng.SuiteRunner.run(SuiteRunner.java:261)
	at org.testng.SuiteRunnerWorker.runSuite(SuiteRunnerWorker.java:52)
	at org.testng.SuiteRunnerWorker.run(SuiteRunnerWorker.java:86)
	at org.testng.TestNG.runSuitesSequentially(TestNG.java:1215)
	at org.testng.TestNG.runSuitesLocally(TestNG.java:1140)
	at org.testng.TestNG.run(TestNG.java:1048)
	at org.testng.remote.AbstractRemoteTestNG.run(AbstractRemoteTestNG.java:132)
	at org.testng.remote.RemoteTestNG.initAndRun(RemoteTestNG.java:230)
	at org.testng.remote.RemoteTestNG.main(RemoteTestNG.java:76)
]]>
            </full-stacktrace>
          </exception> <!-- java.lang.Throwable -->
          <reporter-output>
          </reporter-output>
        </test-method> <!-- planPostpaidRequest -->
        <test-method status="SKIP" signature="approvePostpaidRequest()[pri:3, instance:com.cfs.index.ServiceRequestIndex@1794d431]" name="approvePostpaidRequest" duration-ms="0" started-at="2017-03-31T10:47:17Z" depends-on-methods="com.cfs.index.ServiceRequestIndex.planPostpaidRequest" finished-at="2017-03-31T10:47:17Z">
          <exception class="java.lang.Throwable">
            <message>
              <![CDATA[Method ServiceRequestIndex.approvePostpaidRequest()[pri:3, instance:com.cfs.index.ServiceRequestIndex@1794d431] depends on not successfully finished methods]]>
            </message>
            <full-stacktrace>
              <![CDATA[java.lang.Throwable: Method ServiceRequestIndex.approvePostpaidRequest()[pri:3, instance:com.cfs.index.ServiceRequestIndex@1794d431] depends on not successfully finished methods
	at org.testng.internal.Invoker.invokeTestMethods(Invoker.java:1033)
	at org.testng.internal.TestMethodWorker.invokeTestMethods(TestMethodWorker.java:125)
	at org.testng.internal.TestMethodWorker.run(TestMethodWorker.java:108)
	at org.testng.TestRunner.privateRun(TestRunner.java:774)
	at org.testng.TestRunner.run(TestRunner.java:624)
	at org.testng.SuiteRunner.runTest(SuiteRunner.java:359)
	at org.testng.SuiteRunner.runSequentially(SuiteRunner.java:354)
	at org.testng.SuiteRunner.privateRun(SuiteRunner.java:312)
	at org.testng.SuiteRunner.run(SuiteRunner.java:261)
	at org.testng.SuiteRunnerWorker.runSuite(SuiteRunnerWorker.java:52)
	at org.testng.SuiteRunnerWorker.run(SuiteRunnerWorker.java:86)
	at org.testng.TestNG.runSuitesSequentially(TestNG.java:1215)
	at org.testng.TestNG.runSuitesLocally(TestNG.java:1140)
	at org.testng.TestNG.run(TestNG.java:1048)
	at org.testng.remote.AbstractRemoteTestNG.run(AbstractRemoteTestNG.java:132)
	at org.testng.remote.RemoteTestNG.initAndRun(RemoteTestNG.java:230)
	at org.testng.remote.RemoteTestNG.main(RemoteTestNG.java:76)
]]>
            </full-stacktrace>
          </exception> <!-- java.lang.Throwable -->
          <reporter-output>
          </reporter-output>
        </test-method> <!-- approvePostpaidRequest -->
        <test-method status="SKIP" signature="completedRequest()[pri:4, instance:com.cfs.index.ServiceRequestIndex@1794d431]" name="completedRequest" duration-ms="0" depends-on-groups="JobIndex.finishJob, ServiceRequestIndex.servicerequest, JobIndex.jobrequest" started-at="2017-03-31T10:47:17Z" finished-at="2017-03-31T10:47:17Z">
          <exception class="java.lang.Throwable">
            <message>
              <![CDATA[Method ServiceRequestIndex.completedRequest()[pri:4, instance:com.cfs.index.ServiceRequestIndex@1794d431] depends on not successfully finished methods in group "JobIndex.finishJob"]]>
            </message>
            <full-stacktrace>
              <![CDATA[java.lang.Throwable: Method ServiceRequestIndex.completedRequest()[pri:4, instance:com.cfs.index.ServiceRequestIndex@1794d431] depends on not successfully finished methods in group "JobIndex.finishJob"
	at org.testng.internal.Invoker.invokeTestMethods(Invoker.java:1033)
	at org.testng.internal.TestMethodWorker.invokeTestMethods(TestMethodWorker.java:125)
	at org.testng.internal.TestMethodWorker.run(TestMethodWorker.java:108)
	at org.testng.TestRunner.privateRun(TestRunner.java:774)
	at org.testng.TestRunner.run(TestRunner.java:624)
	at org.testng.SuiteRunner.runTest(SuiteRunner.java:359)
	at org.testng.SuiteRunner.runSequentially(SuiteRunner.java:354)
	at org.testng.SuiteRunner.privateRun(SuiteRunner.java:312)
	at org.testng.SuiteRunner.run(SuiteRunner.java:261)
	at org.testng.SuiteRunnerWorker.runSuite(SuiteRunnerWorker.java:52)
	at org.testng.SuiteRunnerWorker.run(SuiteRunnerWorker.java:86)
	at org.testng.TestNG.runSuitesSequentially(TestNG.java:1215)
	at org.testng.TestNG.runSuitesLocally(TestNG.java:1140)
	at org.testng.TestNG.run(TestNG.java:1048)
	at org.testng.remote.AbstractRemoteTestNG.run(AbstractRemoteTestNG.java:132)
	at org.testng.remote.RemoteTestNG.initAndRun(RemoteTestNG.java:230)
	at org.testng.remote.RemoteTestNG.main(RemoteTestNG.java:76)
]]>
            </full-stacktrace>
          </exception> <!-- java.lang.Throwable -->
          <reporter-output>
          </reporter-output>
        </test-method> <!-- completedRequest -->
      </class> <!-- com.cfs.index.ServiceRequestIndex -->
      <class name="com.cfs.index.JobIndex">
        <test-method status="SKIP" signature="viewCreatedJob()[pri:1, instance:com.cfs.index.JobIndex@39c0f4a]" name="viewCreatedJob" duration-ms="0" depends-on-groups="ServiceRequestIndex.servicerequest" started-at="2017-03-31T10:47:17Z" finished-at="2017-03-31T10:47:17Z">
          <exception class="java.lang.Throwable">
            <message>
              <![CDATA[Method JobIndex.viewCreatedJob()[pri:1, instance:com.cfs.index.JobIndex@39c0f4a] depends on not successfully finished methods in group "ServiceRequestIndex.servicerequest"]]>
            </message>
            <full-stacktrace>
              <![CDATA[java.lang.Throwable: Method JobIndex.viewCreatedJob()[pri:1, instance:com.cfs.index.JobIndex@39c0f4a] depends on not successfully finished methods in group "ServiceRequestIndex.servicerequest"
	at org.testng.internal.Invoker.invokeTestMethods(Invoker.java:1033)
	at org.testng.internal.TestMethodWorker.invokeTestMethods(TestMethodWorker.java:125)
	at org.testng.internal.TestMethodWorker.run(TestMethodWorker.java:108)
	at org.testng.TestRunner.privateRun(TestRunner.java:774)
	at org.testng.TestRunner.run(TestRunner.java:624)
	at org.testng.SuiteRunner.runTest(SuiteRunner.java:359)
	at org.testng.SuiteRunner.runSequentially(SuiteRunner.java:354)
	at org.testng.SuiteRunner.privateRun(SuiteRunner.java:312)
	at org.testng.SuiteRunner.run(SuiteRunner.java:261)
	at org.testng.SuiteRunnerWorker.runSuite(SuiteRunnerWorker.java:52)
	at org.testng.SuiteRunnerWorker.run(SuiteRunnerWorker.java:86)
	at org.testng.TestNG.runSuitesSequentially(TestNG.java:1215)
	at org.testng.TestNG.runSuitesLocally(TestNG.java:1140)
	at org.testng.TestNG.run(TestNG.java:1048)
	at org.testng.remote.AbstractRemoteTestNG.run(AbstractRemoteTestNG.java:132)
	at org.testng.remote.RemoteTestNG.initAndRun(RemoteTestNG.java:230)
	at org.testng.remote.RemoteTestNG.main(RemoteTestNG.java:76)
]]>
            </full-stacktrace>
          </exception> <!-- java.lang.Throwable -->
          <reporter-output>
          </reporter-output>
        </test-method> <!-- viewCreatedJob -->
        <test-method status="PASS" signature="fetchSuiteConfiguration(org.testng.ITestContext)[pri:0, instance:com.cfs.index.JobIndex@39c0f4a]" name="fetchSuiteConfiguration" is-config="true" duration-ms="0" started-at="2017-03-31T10:47:17Z" finished-at="2017-03-31T10:47:17Z">
          <params>
            <param index="0">
              <value>
                <![CDATA[org.testng.TestRunner@359df09a]]>
              </value>
            </param>
          </params>
          <reporter-output>
          </reporter-output>
        </test-method> <!-- fetchSuiteConfiguration -->
        <test-method status="SKIP" signature="planCreatedJob()[pri:2, instance:com.cfs.index.JobIndex@39c0f4a]" name="planCreatedJob" duration-ms="0" depends-on-groups="ServiceRequestIndex.servicerequest" started-at="2017-03-31T10:47:17Z" depends-on-methods="com.cfs.index.JobIndex.viewCreatedJob" finished-at="2017-03-31T10:47:17Z">
          <exception class="java.lang.Throwable">
            <message>
              <![CDATA[Method JobIndex.planCreatedJob()[pri:2, instance:com.cfs.index.JobIndex@39c0f4a] depends on not successfully finished methods in group "ServiceRequestIndex.servicerequest"]]>
            </message>
            <full-stacktrace>
              <![CDATA[java.lang.Throwable: Method JobIndex.planCreatedJob()[pri:2, instance:com.cfs.index.JobIndex@39c0f4a] depends on not successfully finished methods in group "ServiceRequestIndex.servicerequest"
	at org.testng.internal.Invoker.invokeTestMethods(Invoker.java:1033)
	at org.testng.internal.TestMethodWorker.invokeTestMethods(TestMethodWorker.java:125)
	at org.testng.internal.TestMethodWorker.run(TestMethodWorker.java:108)
	at org.testng.TestRunner.privateRun(TestRunner.java:774)
	at org.testng.TestRunner.run(TestRunner.java:624)
	at org.testng.SuiteRunner.runTest(SuiteRunner.java:359)
	at org.testng.SuiteRunner.runSequentially(SuiteRunner.java:354)
	at org.testng.SuiteRunner.privateRun(SuiteRunner.java:312)
	at org.testng.SuiteRunner.run(SuiteRunner.java:261)
	at org.testng.SuiteRunnerWorker.runSuite(SuiteRunnerWorker.java:52)
	at org.testng.SuiteRunnerWorker.run(SuiteRunnerWorker.java:86)
	at org.testng.TestNG.runSuitesSequentially(TestNG.java:1215)
	at org.testng.TestNG.runSuitesLocally(TestNG.java:1140)
	at org.testng.TestNG.run(TestNG.java:1048)
	at org.testng.remote.AbstractRemoteTestNG.run(AbstractRemoteTestNG.java:132)
	at org.testng.remote.RemoteTestNG.initAndRun(RemoteTestNG.java:230)
	at org.testng.remote.RemoteTestNG.main(RemoteTestNG.java:76)
]]>
            </full-stacktrace>
          </exception> <!-- java.lang.Throwable -->
          <reporter-output>
          </reporter-output>
        </test-method> <!-- planCreatedJob -->
        <test-method status="SKIP" signature="confirmContainerArrival()[pri:3, instance:com.cfs.index.JobIndex@39c0f4a]" name="confirmContainerArrival" duration-ms="0" depends-on-groups="ServiceRequestIndex.servicerequest" started-at="2017-03-31T10:47:17Z" depends-on-methods="com.cfs.index.JobIndex.planCreatedJob" finished-at="2017-03-31T10:47:17Z">
          <exception class="java.lang.Throwable">
            <message>
              <![CDATA[Method JobIndex.confirmContainerArrival()[pri:3, instance:com.cfs.index.JobIndex@39c0f4a] depends on not successfully finished methods in group "ServiceRequestIndex.servicerequest"]]>
            </message>
            <full-stacktrace>
              <![CDATA[java.lang.Throwable: Method JobIndex.confirmContainerArrival()[pri:3, instance:com.cfs.index.JobIndex@39c0f4a] depends on not successfully finished methods in group "ServiceRequestIndex.servicerequest"
	at org.testng.internal.Invoker.invokeTestMethods(Invoker.java:1033)
	at org.testng.internal.TestMethodWorker.invokeTestMethods(TestMethodWorker.java:125)
	at org.testng.internal.TestMethodWorker.run(TestMethodWorker.java:108)
	at org.testng.TestRunner.privateRun(TestRunner.java:774)
	at org.testng.TestRunner.run(TestRunner.java:624)
	at org.testng.SuiteRunner.runTest(SuiteRunner.java:359)
	at org.testng.SuiteRunner.runSequentially(SuiteRunner.java:354)
	at org.testng.SuiteRunner.privateRun(SuiteRunner.java:312)
	at org.testng.SuiteRunner.run(SuiteRunner.java:261)
	at org.testng.SuiteRunnerWorker.runSuite(SuiteRunnerWorker.java:52)
	at org.testng.SuiteRunnerWorker.run(SuiteRunnerWorker.java:86)
	at org.testng.TestNG.runSuitesSequentially(TestNG.java:1215)
	at org.testng.TestNG.runSuitesLocally(TestNG.java:1140)
	at org.testng.TestNG.run(TestNG.java:1048)
	at org.testng.remote.AbstractRemoteTestNG.run(AbstractRemoteTestNG.java:132)
	at org.testng.remote.RemoteTestNG.initAndRun(RemoteTestNG.java:230)
	at org.testng.remote.RemoteTestNG.main(RemoteTestNG.java:76)
]]>
            </full-stacktrace>
          </exception> <!-- java.lang.Throwable -->
          <reporter-output>
          </reporter-output>
        </test-method> <!-- confirmContainerArrival -->
        <test-method status="SKIP" signature="completeDevanning()[pri:4, instance:com.cfs.index.JobIndex@39c0f4a]" name="completeDevanning" duration-ms="0" depends-on-groups="ServiceRequestIndex.servicerequest, JobIndex.jobrequest" started-at="2017-03-31T10:47:17Z" depends-on-methods="com.cfs.index.JobIndex.confirmContainerArrival" finished-at="2017-03-31T10:47:17Z">
          <exception class="java.lang.Throwable">
            <message>
              <![CDATA[Method JobIndex.completeDevanning()[pri:4, instance:com.cfs.index.JobIndex@39c0f4a] depends on not successfully finished methods in group "ServiceRequestIndex.servicerequest"]]>
            </message>
            <full-stacktrace>
              <![CDATA[java.lang.Throwable: Method JobIndex.completeDevanning()[pri:4, instance:com.cfs.index.JobIndex@39c0f4a] depends on not successfully finished methods in group "ServiceRequestIndex.servicerequest"
	at org.testng.internal.Invoker.invokeTestMethods(Invoker.java:1033)
	at org.testng.internal.TestMethodWorker.invokeTestMethods(TestMethodWorker.java:125)
	at org.testng.internal.TestMethodWorker.run(TestMethodWorker.java:108)
	at org.testng.TestRunner.privateRun(TestRunner.java:774)
	at org.testng.TestRunner.run(TestRunner.java:624)
	at org.testng.SuiteRunner.runTest(SuiteRunner.java:359)
	at org.testng.SuiteRunner.runSequentially(SuiteRunner.java:354)
	at org.testng.SuiteRunner.privateRun(SuiteRunner.java:312)
	at org.testng.SuiteRunner.run(SuiteRunner.java:261)
	at org.testng.SuiteRunnerWorker.runSuite(SuiteRunnerWorker.java:52)
	at org.testng.SuiteRunnerWorker.run(SuiteRunnerWorker.java:86)
	at org.testng.TestNG.runSuitesSequentially(TestNG.java:1215)
	at org.testng.TestNG.runSuitesLocally(TestNG.java:1140)
	at org.testng.TestNG.run(TestNG.java:1048)
	at org.testng.remote.AbstractRemoteTestNG.run(AbstractRemoteTestNG.java:132)
	at org.testng.remote.RemoteTestNG.initAndRun(RemoteTestNG.java:230)
	at org.testng.remote.RemoteTestNG.main(RemoteTestNG.java:76)
]]>
            </full-stacktrace>
          </exception> <!-- java.lang.Throwable -->
          <reporter-output>
          </reporter-output>
        </test-method> <!-- completeDevanning -->
      </class> <!-- com.cfs.index.JobIndex -->
    </test> <!-- TC_CFS_08 : To verify request comepleted successfully. -->
  </suite> <!-- Container Freight Station v1.1 -->
</testng-results>
